<?xml version="1.0" encoding="UTF-8"?>
<testsuite xmlns:xsi="http://www.w3.org/2001/XMLSchema-instance" xsi:noNamespaceSchemaLocation="https://maven.apache.org/surefire/maven-surefire-plugin/xsd/surefire-test-report.xsd" name="com.nnk.springboot.services.RuleNameServiceTest" time="0.078" tests="6" errors="0" skipped="0" failures="0">
  <properties>
[...]
</properties>
  <testcase name="test_findAll" classname="com.nnk.springboot.services.RuleNameServiceTest" time="0.006"/>
  <testcase name="test_findById" classname="com.nnk.springboot.services.RuleNameServiceTest" time="0.026"/>
  <testcase name="test_deleteById_shouldThrowsNotFoundException" classname="com.nnk.springboot.services.RuleNameServiceTest" time="0.007"/>
  <testcase name="test_save" classname="com.nnk.springboot.services.RuleNameServiceTest" time="0.005"/>
  <testcase name="test_findById_shouldThrowNotFoundException" classname="com.nnk.springboot.services.RuleNameServiceTest" time="0.025"/>
  <testcase name="test_deleteById" classname="com.nnk.springboot.services.RuleNameServiceTest" time="0.006"/>
</testsuite>